[master b08cb67] Update
 32 files changed, 3413 deletions(-)
 mode change 100644 => 100755 _config.yml
 mode change 100644 => 100755 _includes/footer.html
 mode change 100644 => 100755 _includes/head.html
 mode change 100644 => 100755 _includes/header.html
 delete mode 100644 _includes/icon-github.html
 delete mode 100644 _includes/icon-github.svg
 delete mode 100644 _includes/icon-twitter.html
 delete mode 100644 _includes/icon-twitter.svg
 mode change 100644 => 100755 _layouts/default.html
 mode change 100644 => 100755 _layouts/page.html
 mode change 100644 => 100755 _layouts/post.html
 delete mode 100644 _posts/2023-09-19-welcome-to-jekyll.markdown
 delete mode 100644 _sass/_base.scss
 delete mode 100644 _sass/_layout.scss
 delete mode 100644 _sass/_normalize.scss
 delete mode 100644 _sass/_syntax-highlighting.scss
 delete mode 100644 _site/about/index.html
 delete mode 100644 _site/css/main.css
 delete mode 100644 _site/feed.xml
 delete mode 100644 _site/git-push.log
 delete mode 100644 _site/index.html
 delete mode 100644 _site/jekyll/update/2023/09/19/welcome-to-jekyll.html
 delete mode 100644 _site/js/html5shiv.js
 delete mode 100644 _site/js/respond.js
 delete mode 100755 _site/push
 delete mode 100644 about.md
 delete mode 100644 css/main.scss
 delete mode 100644 feed.xml
 rewrite git-push.log (100%)
 mode change 100644 => 100755 index.html
 delete mode 100644 js/html5shiv.js
 delete mode 100644 js/respond.js
