[master ff547c3] Update
 42 files changed, 3485 insertions(+), 166 deletions(-)
 create mode 100644 .sass-cache/0bd2fbbb27bba32d6c08b4686bfc7ff09b7c180c/_base.scssc
 create mode 100644 .sass-cache/0bd2fbbb27bba32d6c08b4686bfc7ff09b7c180c/_layout.scssc
 create mode 100644 .sass-cache/0bd2fbbb27bba32d6c08b4686bfc7ff09b7c180c/_syntax-highlighting.scssc
 create mode 100644 _config.yml
 create mode 100644 _includes/footer.html
 create mode 100644 _includes/head.html
 create mode 100644 _includes/header.html
 create mode 100644 _includes/icon-github.html
 create mode 100644 _includes/icon-github.svg
 create mode 100644 _includes/icon-twitter.html
 create mode 100644 _includes/icon-twitter.svg
 create mode 100644 _layouts/default.html
 create mode 100644 _layouts/page.html
 create mode 100644 _layouts/post.html
 create mode 100644 _posts/2023-09-19-welcome-to-jekyll.markdown
 create mode 100644 _sass/_base.scss
 create mode 100644 _sass/_layout.scss
 create mode 100644 _sass/_normalize.scss
 create mode 100644 _sass/_syntax-highlighting.scss
 create mode 100644 _site/about/index.html
 create mode 100644 _site/css/main.css
 create mode 100644 _site/feed.xml
 create mode 100644 _site/index.html
 create mode 100644 _site/jekyll/update/2023/09/19/welcome-to-jekyll.html
 create mode 100644 _site/js/html5shiv.js
 create mode 100644 _site/js/respond.js
 create mode 100644 about.md
 delete mode 100644 archetypes/default.md
 delete mode 100644 config.toml
 create mode 100644 css/main.scss
 create mode 100644 feed.xml
 delete mode 100644 hugo.toml
 create mode 100644 index.html
 create mode 100644 js/html5shiv.js
 create mode 100644 js/respond.js
 delete mode 100644 public/categories/index.xml
 delete mode 100644 public/index.xml
 delete mode 100644 public/sitemap.xml
 delete mode 100644 public/tags/index.xml
 delete mode 100755 push
 delete mode 160000 themes/terminal
